warning: unused import: `listen`
 --> src/input.rs:1:12
  |
1 | use rdev::{listen, Event, Key};
  |            ^^^^^^
  |
  = note: `#[warn(unused_imports)]` on by default

warning: unused import: `io::read_to_string`
 --> src/bspc.rs:1:29
  |
1 | use std::{process::Command, io::read_to_string};
  |                             ^^^^^^^^^^^^^^^^^^

warning: field `current_index` is never read
 --> src/desktops.rs:5:5
  |
3 | pub struct Desktops {
  |            -------- field in this struct
4 |     desktops: usize,
5 |     current_index: usize,
  |     ^^^^^^^^^^^^^
  |
  = note: `#[warn(dead_code)]` on by default

warning: `window_switcher` (bin "window_switcher") generated 3 warnings
    Finished dev [unoptimized + debuginfo] target(s) in 0.01s
     Running `target/debug/window_switcher`
warning: unused import: `listen`
 --> src/input.rs:1:12
  |
1 | use rdev::{listen, Event, Key};
  |            ^^^^^^
  |
  = note: `#[warn(unused_imports)]` on by default

warning: unused import: `io::read_to_string`
 --> src/bspc.rs:1:29
  |
1 | use std::{process::Command, io::read_to_string};
  |                             ^^^^^^^^^^^^^^^^^^

warning: field `current_index` is never read
 --> src/desktops.rs:5:5
  |
3 | pub struct Desktops {
  |            -------- field in this struct
4 |     desktops: usize,
5 |     current_index: usize,
  |     ^^^^^^^^^^^^^
  |
  = note: `#[warn(dead_code)]` on by default

warning: `window_switcher` (bin "window_switcher") generated 3 warnings
    Finished dev [unoptimized + debuginfo] target(s) in 0.01s
     Running `target/debug/window_switcher`
